[debug] [2025-05-21T17:18:28.467Z] ----------------------------------------------------------------------
[debug] [2025-05-21T17:18:28.469Z] Command:       C:\Program Files\nodejs\node.exe C:\Users\Royal Center\AppData\Roaming\npm\node_modules\firebase-tools\lib\bin\firebase.js init hosting
[debug] [2025-05-21T17:18:28.470Z] CLI Version:   14.4.0
[debug] [2025-05-21T17:18:28.470Z] Platform:      win32
[debug] [2025-05-21T17:18:28.470Z] Node Version:  v22.12.0
[debug] [2025-05-21T17:18:28.470Z] Time:          Wed May 21 2025 20:48:28 GMT+0330 (Iran Standard Time)
[debug] [2025-05-21T17:18:28.470Z] ----------------------------------------------------------------------
[debug] 
[debug] [2025-05-21T17:18:28.472Z] >>> [apiv2][query] GET https://firebase-public.firebaseio.com/cli.json [none]
[debug] [2025-05-21T17:18:28.525Z] > command requires scopes: ["email","openid","https://www.googleapis.com/auth/cloudplatformprojects.readonly","https://www.googleapis.com/auth/firebase","https://www.googleapis.com/auth/cloud-platform"]
[debug] [2025-05-21T17:18:28.525Z] > authorizing via signed-in user (dorsamnv@gmail.com)
[info] 
     ######## #### ########  ######## ########     ###     ######  ########
     ##        ##  ##     ## ##       ##     ##  ##   ##  ##       ##
     ######    ##  ########  ######   ########  #########  ######  ######
     ##        ##  ##    ##  ##       ##     ## ##     ##       ## ##
     ##       #### ##     ## ######## ########  ##     ##  ######  ########

You're about to initialize a Firebase project in this directory:

  F:\Angular\calender

[debug] [2025-05-21T17:18:28.819Z] *** [apiv2] error from fetch(https://firebase-public.firebaseio.com/cli.json, {"headers":{},"method":"GET"}): FetchError: request to https://firebase-public.firebaseio.com/cli.json failed, reason: Client network socket disconnected before secure TLS connection was established
[warn] !  Unable to fetch the CLI MOTD and remote config. This is not a fatal error, but may indicate an issue with your network connection. 
[debug] [2025-05-21T17:18:28.821Z] Failed to fetch MOTD FirebaseError: Failed to make request to https://firebase-public.firebaseio.com/cli.json
[info] 
=== Project Setup
[info] 
[info] First, let's associate this project directory with a Firebase project.
[info] You can create multiple project aliases by running firebase use --add, 
[info] but for now we'll just set up a default project.
[info] 
[debug] [2025-05-21T17:18:42.260Z] Checked if tokens are valid: false, expires at: 1747848632714
[debug] [2025-05-21T17:18:42.260Z] Checked if tokens are valid: false, expires at: 1747848632714
[debug] [2025-05-21T17:18:42.261Z] > refreshing access token with scopes: []
[debug] [2025-05-21T17:18:42.263Z] >>> [apiv2][query] POST https://www.googleapis.com/oauth2/v3/token [none]
[debug] [2025-05-21T17:18:42.263Z] >>> [apiv2][body] POST https://www.googleapis.com/oauth2/v3/token [omitted]
[debug] [2025-05-21T17:18:42.936Z] <<< [apiv2][status] POST https://www.googleapis.com/oauth2/v3/token 200
[debug] [2025-05-21T17:18:42.936Z] <<< [apiv2][body] POST https://www.googleapis.com/oauth2/v3/token [omitted]
[debug] [2025-05-21T17:18:42.954Z] >>> [apiv2][query] GET https://firebase.googleapis.com/v1beta1/projects pageSize=100
[debug] [2025-05-21T17:18:43.686Z] <<< [apiv2][status] GET https://firebase.googleapis.com/v1beta1/projects 403
[debug] [2025-05-21T17:18:43.687Z] <<< [apiv2][body] GET https://firebase.googleapis.com/v1beta1/projects [omitted]
[debug] [2025-05-21T17:18:43.687Z] Unable to parse JSON: SyntaxError: Unexpected token '<', "<!DOCTYPE "... is not valid JSON
[debug] [2025-05-21T17:18:43.701Z] FirebaseError: Unable to parse JSON: SyntaxError: Unexpected token '<', "<!DOCTYPE "... is not valid JSON
    at RetryOperation._fn (C:\Users\Royal Center\AppData\Roaming\npm\node_modules\firebase-tools\lib\apiv2.js:279:39)
    at process.processTicksAndRejections (node:internal/process/task_queues:105:5)
[error] 
[error] Error: Failed to list Firebase projects. See firebase-debug.log for more info.
